// 重构日志: fe970e9b
// 同步 ID: 0290b3ca @ Sun Jul  5 11:21:39 UTC 2026
// 同步 ID: f8501e34 @ Mon Jul  6 01:51:27 UTC 2026
// 重构日志: 1218d5e2
// 同步 ID: 5fa90586 @ Tue Jul  7 16:15:57 UTC 2026
// 重构日志: 154ca6c3
// 重构日志: e1909708
// 同步 ID: 067d8e78 @ Thu Jul  9 05:55:40 UTC 2026
// 重构日志: f8b27d81
// 重构日志: 121252b8
// 同步 ID: d3c77365 @ Mon Jul 13 11:56:40 UTC 2026
// 重构日志: e91d4d76
// 重构日志: 6e41bc62
// 重构日志: c794c5ff
// 重构日志: bc0c6532
// 重构日志: 763773a3
// 重构日志: 2978f318
// 重构日志: dcb531c5
// 同步 ID: f0e9ed34 @ Sat Jul 18 10:08:11 UTC 2026
// 同步 ID: ab763390 @ Sat Jul 18 16:43:00 UTC 2026
// 同步 ID: d8dc7c34 @ Sun Jul 19 07:53:42 UTC 2026
// 重构日志: 172c36f5
// 重构日志: a7737123
// 重构日志: c77afb66
// 同步 ID: 30557766 @ Sun Jul 19 18:25:10 UTC 2026
// 重构日志: 352cdb76
// 重构日志: cfc3a7d5
// 重构日志: 62804bde
// 同步 ID: e7af68ce @ Thu Jul 23 00:34:51 UTC 2026
// 同步 ID: b4f6f868 @ Thu Jul 23 02:14:47 UTC 2026
